Using pre-set license
Built from '2020.3/staging' branch; Version is '2020.3.9f1 (108be757e447) revision 1084391'; Using compiler version '192528614'; Build Type 'Release'
OS: 'Windows 10 Pro; OS build 19042.985; Version 2009; 64bit' Language: 'es' Physical Memory: 20436 MB
BatchMode: 1, IsHumanControllingUs: 0, StartBugReporterOnCrash: 0, Is64bit: 1, IsPro: 0

 COMMAND LINE ARGUMENTS:
C:\Program Files\Unity\Hub\Editor\2020.3.9f1\Editor\Unity.exe
-adb2
-batchMode
-noUpm
-name
AssetImportWorker0
-projectPath
E:/Mauri/Universidad/Ciclo_01_21/Des_V_PM/TrabajoU3/Game/Doge-Run
-logFile
Logs/AssetImportWorker0.log
-srvPort
54326
Successfully changed project path to: E:/Mauri/Universidad/Ciclo_01_21/Des_V_PM/TrabajoU3/Game/Doge-Run
E:/Mauri/Universidad/Ciclo_01_21/Des_V_PM/TrabajoU3/Game/Doge-Run
Using Asset Import Pipeline V2.
Refreshing native plugins compatible for Editor in 54.39 ms, found 1 plugins.
Preloading 0 native plugins for Editor in 0.00 ms.
Initialize engine version: 2020.3.9f1 (108be757e447)
[Subsystems] Discovering subsystems at path C:/Program Files/Unity/Hub/Editor/2020.3.9f1/Editor/Data/Resources/UnitySubsystems
[Subsystems] Discovering subsystems at path E:/Mauri/Universidad/Ciclo_01_21/Des_V_PM/TrabajoU3/Game/Doge-Run/Assets
GfxDevice: creating device client; threaded=0
Direct3D:
    Version:  Direct3D 11.0 [level 11.1]
    Renderer: NVIDIA GeForce GTX 970 (ID=0x13c2)
    Vendor:   
    VRAM:     4043 MB
    Driver:   27.21.14.6079
Initialize mono
Mono path[0] = 'C:/Program Files/Unity/Hub/Editor/2020.3.9f1/Editor/Data/Managed'
Mono path[1] = 'C:/Program Files/Unity/Hub/Editor/2020.3.9f1/Editor/Data/MonoBleedingEdge/lib/mono/unityjit'
Mono config path = 'C:/Program Files/Unity/Hub/Editor/2020.3.9f1/Editor/Data/MonoBleedingEdge/etc'
Using monoOptions --debugger-agent=transport=dt_socket,embedding=1,server=y,suspend=n,address=127.0.0.1:56944
Begin MonoManager ReloadAssembly
Registering precompiled unity dll's ...
Register platform support module: C:/Program Files/Unity/Hub/Editor/2020.3.9f1/Editor/Data/PlaybackEngines/WindowsStandaloneSupport/UnityEditor.WindowsStandalone.Extensions.dll
Registered in 0.006463 seconds.
Native extension for WindowsStandalone target not found
Refreshing native plugins compatible for Editor in 51.28 ms, found 1 plugins.
Preloading 0 native plugins for Editor in 0.00 ms.
Mono: successfully reloaded assembly
- Completed reload, in  3.102 seconds
Platform modules already initialized, skipping
Registering precompiled user dll's ...
Registered in 0.002636 seconds.
Begin MonoManager ReloadAssembly
Native extension for WindowsStandalone target not found
Refreshing native plugins compatible for Editor in 50.33 ms, found 1 plugins.
Preloading 0 native plugins for Editor in 0.00 ms.
Mono: successfully reloaded assembly
- Completed reload, in  1.416 seconds
Platform modules already initialized, skipping
========================================================================
Worker process is ready to serve import requests
Launched and connected shader compiler UnityShaderCompiler.exe after 0.06 seconds
Refreshing native plugins compatible for Editor in 0.66 ms, found 1 plugins.
Preloading 0 native plugins for Editor in 0.00 ms.
Unloading 1834 Unused Serialized files (Serialized files now loaded: 0)
System memory in use before: 87.3 MB.
System memory in use after: 87.4 MB.

Unloading 19 unused Assets to reduce memory usage. Loaded Objects now: 2282.
Total: 2.208200 ms (FindLiveObjects: 0.191800 ms CreateObjectMapping: 0.072100 ms MarkObjects: 1.848600 ms  DeleteObjects: 0.093900 ms)

========================================================================
Received Import Request.
  path: Assets/Scenes/Menu.unity
  artifactKey: Guid(95691a8790f28bd4c8d23d373f6ff3e5) Importer(815301076,1909f56bfc062723c751e8b465ee728b)
Start importing Assets/Scenes/Menu.unity using Guid(95691a8790f28bd4c8d23d373f6ff3e5) Importer(815301076,1909f56bfc062723c751e8b465ee728b)  -> (artifact id: '6730ecdde1fb560d2efcbc250e451aa1') in 0.021912 seconds
  Import took 0.025386 seconds .

========================================================================
Received Import Request.
  Time since last request: 2.132447 seconds.
  path: Assets/Scenes/Main.unity
  artifactKey: Guid(2cda990e2423bbf4892e6590ba056729) Importer(815301076,1909f56bfc062723c751e8b465ee728b)
Start importing Assets/Scenes/Main.unity using Guid(2cda990e2423bbf4892e6590ba056729) Importer(815301076,1909f56bfc062723c751e8b465ee728b)  -> (artifact id: 'fc4a8a818682983d22de6b34cbbfea3c') in 0.010933 seconds
  Import took 0.014870 seconds .

========================================================================
Received Import Request.
  Time since last request: 46.682752 seconds.
  path: Assets/Art
  artifactKey: Guid(072d5d950f0f4f1438ac8969b923fbe3) Importer(815301076,1909f56bfc062723c751e8b465ee728b)
Start importing Assets/Art using Guid(072d5d950f0f4f1438ac8969b923fbe3) Importer(815301076,1909f56bfc062723c751e8b465ee728b)  -> (artifact id: 'fd1c2cb0fc1e76768a62c09e5b3f1a76') in 0.012330 seconds
  Import took 0.016289 seconds .

========================================================================
Received Import Request.
  Time since last request: 1.218219 seconds.
  path: Assets/Art/BG
  artifactKey: Guid(551eacf987cafc940b5d00e3dfaad18a) Importer(815301076,1909f56bfc062723c751e8b465ee728b)
Start importing Assets/Art/BG using Guid(551eacf987cafc940b5d00e3dfaad18a) Importer(815301076,1909f56bfc062723c751e8b465ee728b)  -> (artifact id: 'ddae99bfbf9236e0a32fe5b42ea1d3b9') in 0.010778 seconds
  Import took 0.015867 seconds .

========================================================================
Received Import Request.
  Time since last request: 0.048115 seconds.
  path: Assets/Art/BG/2.png
  artifactKey: Guid(a704b786081109e41948d54c41b3c2f1) Importer(815301076,1909f56bfc062723c751e8b465ee728b)
Start importing Assets/Art/BG/2.png using Guid(a704b786081109e41948d54c41b3c2f1) Importer(815301076,1909f56bfc062723c751e8b465ee728b)  -> (artifact id: '2b8f50ccaedde0e1ffa186cdd28062ad') in 0.223173 seconds
  Import took 0.227286 seconds .

========================================================================
Received Import Request.
  Time since last request: 0.000273 seconds.
  path: Assets/Art/BG/6.png
  artifactKey: Guid(d24b4ef7606d52741a3575fcf859014b) Importer(815301076,1909f56bfc062723c751e8b465ee728b)
Start importing Assets/Art/BG/6.png using Guid(d24b4ef7606d52741a3575fcf859014b) Importer(815301076,1909f56bfc062723c751e8b465ee728b)  -> (artifact id: '438e0de98ece2782e62f518ca57f501d') in 0.058765 seconds
  Import took 0.061955 seconds .

========================================================================
Received Import Request.
  Time since last request: 0.000253 seconds.
  path: Assets/Art/BG/7.png
  artifactKey: Guid(8ea363f1ffa60334ba874c809acbbbad) Importer(815301076,1909f56bfc062723c751e8b465ee728b)
Start importing Assets/Art/BG/7.png using Guid(8ea363f1ffa60334ba874c809acbbbad) Importer(815301076,1909f56bfc062723c751e8b465ee728b)  -> (artifact id: '29164f3f0b000ff4cfb7dc63a5dfa526') in 0.055647 seconds
  Import took 0.058969 seconds .

========================================================================
Received Import Request.
  Time since last request: 0.000278 seconds.
  path: Assets/Art/BG/3.png
  artifactKey: Guid(e5cd6078ab6d7554ea79b70267ad36e0) Importer(815301076,1909f56bfc062723c751e8b465ee728b)
Start importing Assets/Art/BG/3.png using Guid(e5cd6078ab6d7554ea79b70267ad36e0) Importer(815301076,1909f56bfc062723c751e8b465ee728b)  -> (artifact id: 'cdad7186293d255481b8ff02c66cf15e') in 0.056058 seconds
  Import took 0.059229 seconds .

========================================================================
Received Import Request.
  Time since last request: 0.000248 seconds.
  path: Assets/Art/BG/4.png
  artifactKey: Guid(53aec9e7ef864f648accf6aad70a6be4) Importer(815301076,1909f56bfc062723c751e8b465ee728b)
Start importing Assets/Art/BG/4.png using Guid(53aec9e7ef864f648accf6aad70a6be4) Importer(815301076,1909f56bfc062723c751e8b465ee728b)  -> (artifact id: '784afb322c06637f864c9963078600c3') in 0.052114 seconds
  Import took 0.055467 seconds .

========================================================================
Received Import Request.
  Time since last request: 0.000270 seconds.
  path: Assets/Art/BG/8.png
  artifactKey: Guid(ce381779cdd1d144d89e4eb7cab412bc) Importer(815301076,1909f56bfc062723c751e8b465ee728b)
Start importing Assets/Art/BG/8.png using Guid(ce381779cdd1d144d89e4eb7cab412bc) Importer(815301076,1909f56bfc062723c751e8b465ee728b)  -> (artifact id: 'bed00f4f31cf49b056752a4e9656b812') in 0.056477 seconds
  Import took 0.059808 seconds .

========================================================================
Received Import Request.
  Time since last request: 0.000236 seconds.
  path: Assets/Art/BG/5.png
  artifactKey: Guid(4203e9a09293fea47ba89492796ee730) Importer(815301076,1909f56bfc062723c751e8b465ee728b)
Start importing Assets/Art/BG/5.png using Guid(4203e9a09293fea47ba89492796ee730) Importer(815301076,1909f56bfc062723c751e8b465ee728b)  -> (artifact id: '79218b1330f9ec755b2f9983b452dcd5') in 0.052792 seconds
  Import took 0.074689 seconds .

========================================================================
Received Import Request.
  Time since last request: 0.000382 seconds.
  path: Assets/Art/BG/9.png
  artifactKey: Guid(1f67cb62a27386b4eabe6d5c231cde18) Importer(815301076,1909f56bfc062723c751e8b465ee728b)
Start importing Assets/Art/BG/9.png using Guid(1f67cb62a27386b4eabe6d5c231cde18) Importer(815301076,1909f56bfc062723c751e8b465ee728b)  -> (artifact id: '72e9290eab88cdde6bd3d8cd9e3025ef') in 0.056289 seconds
  Import took 0.059623 seconds .

========================================================================
Received Import Request.
  Time since last request: 90.345212 seconds.
  path: Assets/Art/BG/1.1.png
  artifactKey: Guid(cb79ab665cea8ca4fa9c845011cf5b3a) Importer(815301076,1909f56bfc062723c751e8b465ee728b)
Start importing Assets/Art/BG/1.1.png using Guid(cb79ab665cea8ca4fa9c845011cf5b3a) Importer(815301076,1909f56bfc062723c751e8b465ee728b)  -> (artifact id: 'decf926645f198b7c91349aa477f9910') in 0.047532 seconds
  Import took 0.051376 seconds .

========================================================================
Received Import Request.
  Time since last request: 0.000308 seconds.
  path: Assets/Art/BG/5.1.png
  artifactKey: Guid(4add89f21e7c94f41957b30ccb1734f0) Importer(815301076,1909f56bfc062723c751e8b465ee728b)
Start importing Assets/Art/BG/5.1.png using Guid(4add89f21e7c94f41957b30ccb1734f0) Importer(815301076,1909f56bfc062723c751e8b465ee728b)  -> (artifact id: '24eaf2a8345a61afc7fd711d64686007') in 0.045854 seconds
  Import took 0.049490 seconds .

========================================================================
Received Import Request.
  Time since last request: 0.000296 seconds.
  path: Assets/Art/BG/6.1.png
  artifactKey: Guid(feb6222d61816eb45bc2794c147623aa) Importer(815301076,1909f56bfc062723c751e8b465ee728b)
Start importing Assets/Art/BG/6.1.png using Guid(feb6222d61816eb45bc2794c147623aa) Importer(815301076,1909f56bfc062723c751e8b465ee728b)  -> (artifact id: 'aa1137ea0d4541dedadd42b3cffd3d70') in 0.044861 seconds
  Import took 0.048914 seconds .

========================================================================
Received Import Request.
  Time since last request: 0.000285 seconds.
  path: Assets/Art/BG/4.1.png
  artifactKey: Guid(b828e0099708697498bba655897b0186) Importer(815301076,1909f56bfc062723c751e8b465ee728b)
Start importing Assets/Art/BG/4.1.png using Guid(b828e0099708697498bba655897b0186) Importer(815301076,1909f56bfc062723c751e8b465ee728b)  -> (artifact id: 'dd72a0da5631286c1074992096edbea7') in 0.048815 seconds
  Import took 0.052316 seconds .

========================================================================
Received Import Request.
  Time since last request: 0.000282 seconds.
  path: Assets/Art/BG/3.1.png
  artifactKey: Guid(5983f703690da1e41b698afbabbeb9cc) Importer(815301076,1909f56bfc062723c751e8b465ee728b)
Start importing Assets/Art/BG/3.1.png using Guid(5983f703690da1e41b698afbabbeb9cc) Importer(815301076,1909f56bfc062723c751e8b465ee728b)  -> (artifact id: 'c8d91e5a1a272862db142833d7eb4270') in 0.043970 seconds
  Import took 0.047506 seconds .

========================================================================
Received Import Request.
  Time since last request: 0.000265 seconds.
  path: Assets/Art/BG/2.1.png
  artifactKey: Guid(ad72cfc1eb7f3b64fa7cfe3080f96ac7) Importer(815301076,1909f56bfc062723c751e8b465ee728b)
Start importing Assets/Art/BG/2.1.png using Guid(ad72cfc1eb7f3b64fa7cfe3080f96ac7) Importer(815301076,1909f56bfc062723c751e8b465ee728b)  -> (artifact id: 'a08b25449888c54f3252fa84586cf285') in 0.043536 seconds
  Import took 0.046955 seconds .

========================================================================
Received Prepare
Registering precompiled user dll's ...
Registered in 0.002785 seconds.
Begin MonoManager ReloadAssembly
Native extension for WindowsStandalone target not found
Refreshing native plugins compatible for Editor in 0.61 ms, found 1 plugins.
Preloading 0 native plugins for Editor in 0.00 ms.
Mono: successfully reloaded assembly
- Completed reload, in  1.315 seconds
Platform modules already initialized, skipping
Switching build target platform(19) subTarget(0) extendedPlatform(0) -> platform(13) subTarget(537395200) extendedPlatform(0)
Refreshing native plugins compatible for Editor in 0.53 ms, found 1 plugins.
Preloading 0 native plugins for Editor in 0.00 ms.
Unloading 1814 Unused Serialized files (Serialized files now loaded: 0)
System memory in use before: 88.4 MB.
System memory in use after: 88.5 MB.

Unloading 7 unused Assets to reduce memory usage. Loaded Objects now: 2292.
Total: 2.195500 ms (FindLiveObjects: 0.192000 ms CreateObjectMapping: 0.072700 ms MarkObjects: 1.910600 ms  DeleteObjects: 0.018700 ms)

AssetImportParameters requested are different than current active one (requested -> active):
  custom:graphics/normal-map-encoding: 01000000000000000000000000000000 -> 02000000000000000000000000000000
========================================================================
Received Prepare
Registering precompiled user dll's ...
Registered in 0.002877 seconds.
Begin MonoManager ReloadAssembly
Native extension for WindowsStandalone target not found
Refreshing native plugins compatible for Editor in 0.67 ms, found 1 plugins.
Preloading 0 native plugins for Editor in 0.00 ms.
Mono: successfully reloaded assembly
- Completed reload, in  1.442 seconds
Platform modules already initialized, skipping
Switching build target platform(19) subTarget(0) extendedPlatform(0) -> platform(13) subTarget(537395200) extendedPlatform(0)
Refreshing native plugins compatible for Editor in 0.66 ms, found 1 plugins.
Preloading 0 native plugins for Editor in 0.00 ms.
Unloading 1814 Unused Serialized files (Serialized files now loaded: 0)
System memory in use before: 88.5 MB.
System memory in use after: 88.6 MB.

Unloading 7 unused Assets to reduce memory usage. Loaded Objects now: 2296.
Total: 2.143000 ms (FindLiveObjects: 0.192700 ms CreateObjectMapping: 0.073500 ms MarkObjects: 1.839700 ms  DeleteObjects: 0.033300 ms)

AssetImportParameters requested are different than current active one (requested -> active):
  custom:graphics/normal-map-encoding: 01000000000000000000000000000000 -> 02000000000000000000000000000000
========================================================================
Received Import Request.
  Time since last request: 200.806722 seconds.
  path: Assets/Scenes/Menu.unity
  artifactKey: Guid(95691a8790f28bd4c8d23d373f6ff3e5) Importer(815301076,1909f56bfc062723c751e8b465ee728b)
Start importing Assets/Scenes/Menu.unity using Guid(95691a8790f28bd4c8d23d373f6ff3e5) Importer(815301076,1909f56bfc062723c751e8b465ee728b)  -> (artifact id: '63d1eb84c5228c854902c91d487b98a7') in 0.021432 seconds
  Import took 0.025095 seconds .

========================================================================
Received Import Request.
  Time since last request: 73.296633 seconds.
  path: Assets/Art/CatMenu.controller
  artifactKey: Guid(ea03149281faaae47b5294d31979d3bd) Importer(815301076,1909f56bfc062723c751e8b465ee728b)
Start importing Assets/Art/CatMenu.controller using Guid(ea03149281faaae47b5294d31979d3bd) Importer(815301076,1909f56bfc062723c751e8b465ee728b)  -> (artifact id: 'a2077efd65b724284a22cd9b4ea9617f') in 0.019564 seconds
  Import took 0.023451 seconds .

========================================================================
Received Prepare
Registering precompiled user dll's ...
Registered in 0.002699 seconds.
Begin MonoManager ReloadAssembly
Native extension for WindowsStandalone target not found
Refreshing native plugins compatible for Editor in 0.52 ms, found 1 plugins.
Preloading 0 native plugins for Editor in 0.00 ms.
Mono: successfully reloaded assembly
- Completed reload, in  1.442 seconds
Platform modules already initialized, skipping
Switching build target platform(19) subTarget(0) extendedPlatform(0) -> platform(13) subTarget(537395200) extendedPlatform(0)
Refreshing native plugins compatible for Editor in 0.51 ms, found 1 plugins.
Preloading 0 native plugins for Editor in 0.00 ms.
Unloading 1814 Unused Serialized files (Serialized files now loaded: 0)
System memory in use before: 88.5 MB.
System memory in use after: 88.6 MB.

Unloading 7 unused Assets to reduce memory usage. Loaded Objects now: 2300.
Total: 2.298600 ms (FindLiveObjects: 0.197700 ms CreateObjectMapping: 0.070100 ms MarkObjects: 2.005800 ms  DeleteObjects: 0.023500 ms)

AssetImportParameters requested are different than current active one (requested -> active):
  custom:graphics/normal-map-encoding: 01000000000000000000000000000000 -> 02000000000000000000000000000000
========================================================================
Received Prepare
Registering precompiled user dll's ...
Registered in 0.002831 seconds.
Begin MonoManager ReloadAssembly
Native extension for WindowsStandalone target not found
Refreshing native plugins compatible for Editor in 0.57 ms, found 1 plugins.
Preloading 0 native plugins for Editor in 0.00 ms.
Mono: successfully reloaded assembly
- Completed reload, in  1.421 seconds
Platform modules already initialized, skipping
Switching build target platform(19) subTarget(0) extendedPlatform(0) -> platform(13) subTarget(537395200) extendedPlatform(0)
Refreshing native plugins compatible for Editor in 0.52 ms, found 1 plugins.
Preloading 0 native plugins for Editor in 0.00 ms.
Unloading 1815 Unused Serialized files (Serialized files now loaded: 0)
System memory in use before: 88.5 MB.
System memory in use after: 88.7 MB.

Unloading 7 unused Assets to reduce memory usage. Loaded Objects now: 2305.
Total: 2.105000 ms (FindLiveObjects: 0.182200 ms CreateObjectMapping: 0.072300 ms MarkObjects: 1.823800 ms  DeleteObjects: 0.025100 ms)

AssetImportParameters requested are different than current active one (requested -> active):
  custom:graphics/normal-map-encoding: 01000000000000000000000000000000 -> 02000000000000000000000000000000
========================================================================
Received Import Request.
  Time since last request: 188.890596 seconds.
  path: Assets/Scripts/Menu_Cat.cs
  artifactKey: Guid(8bcf89f778f9ed84693fa65d15102bf9) Importer(815301076,1909f56bfc062723c751e8b465ee728b)
Start importing Assets/Scripts/Menu_Cat.cs using Guid(8bcf89f778f9ed84693fa65d15102bf9) Importer(815301076,1909f56bfc062723c751e8b465ee728b)  -> (artifact id: '1046772c5b0a6384260a231ea5f10b9b') in 0.018707 seconds
  Import took 0.040066 seconds .

========================================================================
Received Prepare
Registering precompiled user dll's ...
Registered in 0.002853 seconds.
Begin MonoManager ReloadAssembly
Native extension for WindowsStandalone target not found
Refreshing native plugins compatible for Editor in 0.52 ms, found 1 plugins.
Preloading 0 native plugins for Editor in 0.00 ms.
Mono: successfully reloaded assembly
- Completed reload, in  1.471 seconds
Platform modules already initialized, skipping
Switching build target platform(19) subTarget(0) extendedPlatform(0) -> platform(13) subTarget(537395200) extendedPlatform(0)
Refreshing native plugins compatible for Editor in 0.70 ms, found 1 plugins.
Preloading 0 native plugins for Editor in 0.00 ms.
Unloading 1815 Unused Serialized files (Serialized files now loaded: 0)
System memory in use before: 88.6 MB.
System memory in use after: 88.7 MB.

Unloading 7 unused Assets to reduce memory usage. Loaded Objects now: 2309.
Total: 2.091900 ms (FindLiveObjects: 0.199700 ms CreateObjectMapping: 0.071200 ms MarkObjects: 1.786900 ms  DeleteObjects: 0.032500 ms)

AssetImportParameters requested are different than current active one (requested -> active):
  custom:graphics/normal-map-encoding: 01000000000000000000000000000000 -> 02000000000000000000000000000000
========================================================================
Received Prepare
Registering precompiled user dll's ...
Registered in 0.003443 seconds.
Begin MonoManager ReloadAssembly
Native extension for WindowsStandalone target not found
Refreshing native plugins compatible for Editor in 0.59 ms, found 1 plugins.
Preloading 0 native plugins for Editor in 0.00 ms.
Mono: successfully reloaded assembly
- Completed reload, in  1.533 seconds
Platform modules already initialized, skipping
Switching build target platform(19) subTarget(0) extendedPlatform(0) -> platform(13) subTarget(537395200) extendedPlatform(0)
Refreshing native plugins compatible for Editor in 0.81 ms, found 1 plugins.
Preloading 0 native plugins for Editor in 0.00 ms.
Unloading 1815 Unused Serialized files (Serialized files now loaded: 0)
System memory in use before: 88.6 MB.
System memory in use after: 88.7 MB.

Unloading 7 unused Assets to reduce memory usage. Loaded Objects now: 2313.
Total: 4.270200 ms (FindLiveObjects: 0.299000 ms CreateObjectMapping: 0.144900 ms MarkObjects: 3.780800 ms  DeleteObjects: 0.042100 ms)

AssetImportParameters requested are different than current active one (requested -> active):
  custom:graphics/normal-map-encoding: 01000000000000000000000000000000 -> 02000000000000000000000000000000
========================================================================
Received Import Request.
  Time since last request: 125.222882 seconds.
  path: Assets/Scripts/Menu_Cat.cs
  artifactKey: Guid(8bcf89f778f9ed84693fa65d15102bf9) Importer(815301076,1909f56bfc062723c751e8b465ee728b)
Start importing Assets/Scripts/Menu_Cat.cs using Guid(8bcf89f778f9ed84693fa65d15102bf9) Importer(815301076,1909f56bfc062723c751e8b465ee728b)  -> (artifact id: 'dd9a0b7d53cbe320029643839e2aff66') in 0.009586 seconds
  Import took 0.015380 seconds .

========================================================================
Received Import Request.
  Time since last request: 0.013626 seconds.
  path: Assets/Scripts/Menu_Cat.cs
  artifactKey: Guid(8bcf89f778f9ed84693fa65d15102bf9) Importer(815301076,1909f56bfc062723c751e8b465ee728b)
Start importing Assets/Scripts/Menu_Cat.cs using Guid(8bcf89f778f9ed84693fa65d15102bf9) Importer(815301076,1909f56bfc062723c751e8b465ee728b)  -> (artifact id: 'dd9a0b7d53cbe320029643839e2aff66') in 0.004711 seconds
  Import took 0.008467 seconds .

========================================================================
Received Prepare
Registering precompiled user dll's ...
Registered in 0.003788 seconds.
Begin MonoManager ReloadAssembly
Native extension for WindowsStandalone target not found
Refreshing native plugins compatible for Editor in 0.53 ms, found 1 plugins.
Preloading 0 native plugins for Editor in 0.00 ms.
Mono: successfully reloaded assembly
- Completed reload, in  1.448 seconds
Platform modules already initialized, skipping
Switching build target platform(19) subTarget(0) extendedPlatform(0) -> platform(13) subTarget(537395200) extendedPlatform(0)
Refreshing native plugins compatible for Editor in 0.54 ms, found 1 plugins.
Preloading 0 native plugins for Editor in 0.00 ms.
Unloading 1815 Unused Serialized files (Serialized files now loaded: 0)
System memory in use before: 88.6 MB.
System memory in use after: 88.7 MB.

Unloading 7 unused Assets to reduce memory usage. Loaded Objects now: 2317.
Total: 2.114500 ms (FindLiveObjects: 0.186900 ms CreateObjectMapping: 0.073200 ms MarkObjects: 1.827300 ms  DeleteObjects: 0.017500 ms)

AssetImportParameters requested are different than current active one (requested -> active):
  custom:graphics/normal-map-encoding: 01000000000000000000000000000000 -> 02000000000000000000000000000000
========================================================================
Received Prepare
Registering precompiled user dll's ...
Registered in 0.002347 seconds.
Begin MonoManager ReloadAssembly
Native extension for WindowsStandalone target not found
Refreshing native plugins compatible for Editor in 0.52 ms, found 1 plugins.
Preloading 0 native plugins for Editor in 0.00 ms.
Mono: successfully reloaded assembly
- Completed reload, in  1.562 seconds
Platform modules already initialized, skipping
Switching build target platform(19) subTarget(0) extendedPlatform(0) -> platform(13) subTarget(537395200) extendedPlatform(0)
Refreshing native plugins compatible for Editor in 0.61 ms, found 1 plugins.
Preloading 0 native plugins for Editor in 0.00 ms.
Unloading 1815 Unused Serialized files (Serialized files now loaded: 0)
System memory in use before: 88.6 MB.
System memory in use after: 88.7 MB.

Unloading 7 unused Assets to reduce memory usage. Loaded Objects now: 2321.
Total: 2.273000 ms (FindLiveObjects: 0.189000 ms CreateObjectMapping: 0.071600 ms MarkObjects: 1.975400 ms  DeleteObjects: 0.035600 ms)

AssetImportParameters requested are different than current active one (requested -> active):
  custom:graphics/normal-map-encoding: 01000000000000000000000000000000 -> 02000000000000000000000000000000
========================================================================
Received Import Request.
  Time since last request: 48.208314 seconds.
  path: Assets/Scripts/Menu_Cat.cs
  artifactKey: Guid(8bcf89f778f9ed84693fa65d15102bf9) Importer(815301076,1909f56bfc062723c751e8b465ee728b)
Start importing Assets/Scripts/Menu_Cat.cs using Guid(8bcf89f778f9ed84693fa65d15102bf9) Importer(815301076,1909f56bfc062723c751e8b465ee728b)  -> (artifact id: '817145c3b4ea2a43794b3366f6b6b29e') in 0.007725 seconds
  Import took 0.011680 seconds .

========================================================================
Received Import Request.
  Time since last request: 0.015835 seconds.
  path: Assets/Scripts/Menu_Cat.cs
  artifactKey: Guid(8bcf89f778f9ed84693fa65d15102bf9) Importer(815301076,1909f56bfc062723c751e8b465ee728b)
Start importing Assets/Scripts/Menu_Cat.cs using Guid(8bcf89f778f9ed84693fa65d15102bf9) Importer(815301076,1909f56bfc062723c751e8b465ee728b)  -> (artifact id: '817145c3b4ea2a43794b3366f6b6b29e') in 0.005845 seconds
  Import took 0.009779 seconds .

========================================================================
Received Prepare
Registering precompiled user dll's ...
Registered in 0.003260 seconds.
Begin MonoManager ReloadAssembly
Native extension for WindowsStandalone target not found
Refreshing native plugins compatible for Editor in 0.54 ms, found 1 plugins.
Preloading 0 native plugins for Editor in 0.00 ms.
Mono: successfully reloaded assembly
- Completed reload, in  1.696 seconds
Platform modules already initialized, skipping
Switching build target platform(19) subTarget(0) extendedPlatform(0) -> platform(13) subTarget(537395200) extendedPlatform(0)
Refreshing native plugins compatible for Editor in 0.77 ms, found 1 plugins.
Preloading 0 native plugins for Editor in 0.00 ms.
Unloading 1815 Unused Serialized files (Serialized files now loaded: 0)
System memory in use before: 88.6 MB.
System memory in use after: 88.7 MB.

Unloading 7 unused Assets to reduce memory usage. Loaded Objects now: 2325.
Total: 2.459300 ms (FindLiveObjects: 0.200400 ms CreateObjectMapping: 0.082100 ms MarkObjects: 2.152000 ms  DeleteObjects: 0.023100 ms)

AssetImportParameters requested are different than current active one (requested -> active):
  custom:graphics/normal-map-encoding: 01000000000000000000000000000000 -> 02000000000000000000000000000000
========================================================================
Received Import Request.
  Time since last request: 29.944144 seconds.
  path: Assets/Scripts/Menu_Cat.cs
  artifactKey: Guid(8bcf89f778f9ed84693fa65d15102bf9) Importer(815301076,1909f56bfc062723c751e8b465ee728b)
Start importing Assets/Scripts/Menu_Cat.cs using Guid(8bcf89f778f9ed84693fa65d15102bf9) Importer(815301076,1909f56bfc062723c751e8b465ee728b)  -> (artifact id: '23a15969dc5555f4bd13748c3b50acc8') in 0.007734 seconds
  Import took 0.011545 seconds .

========================================================================
Received Import Request.
  Time since last request: 0.016109 seconds.
  path: Assets/Scripts/Menu_Cat.cs
  artifactKey: Guid(8bcf89f778f9ed84693fa65d15102bf9) Importer(815301076,1909f56bfc062723c751e8b465ee728b)
Start importing Assets/Scripts/Menu_Cat.cs using Guid(8bcf89f778f9ed84693fa65d15102bf9) Importer(815301076,1909f56bfc062723c751e8b465ee728b)  -> (artifact id: '23a15969dc5555f4bd13748c3b50acc8') in 0.004864 seconds
  Import took 0.008602 seconds .

========================================================================
Received Prepare
Registering precompiled user dll's ...
Registered in 0.002748 seconds.
Begin MonoManager ReloadAssembly
Native extension for WindowsStandalone target not found
Refreshing native plugins compatible for Editor in 0.57 ms, found 1 plugins.
Preloading 0 native plugins for Editor in 0.00 ms.
Mono: successfully reloaded assembly
- Completed reload, in  1.870 seconds
Platform modules already initialized, skipping
Switching build target platform(19) subTarget(0) extendedPlatform(0) -> platform(13) subTarget(537395200) extendedPlatform(0)
Refreshing native plugins compatible for Editor in 0.63 ms, found 1 plugins.
Preloading 0 native plugins for Editor in 0.00 ms.
Unloading 1815 Unused Serialized files (Serialized files now loaded: 0)
System memory in use before: 88.6 MB.
System memory in use after: 88.7 MB.

Unloading 7 unused Assets to reduce memory usage. Loaded Objects now: 2329.
Total: 19.325900 ms (FindLiveObjects: 0.594200 ms CreateObjectMapping: 0.156400 ms MarkObjects: 18.492700 ms  DeleteObjects: 0.040200 ms)

AssetImportParameters requested are different than current active one (requested -> active):
  custom:graphics/normal-map-encoding: 01000000000000000000000000000000 -> 02000000000000000000000000000000
========================================================================
Received Import Request.
  Time since last request: 94.653010 seconds.
  path: Assets/Scripts/Menu_Cat.cs
  artifactKey: Guid(8bcf89f778f9ed84693fa65d15102bf9) Importer(815301076,1909f56bfc062723c751e8b465ee728b)
Start importing Assets/Scripts/Menu_Cat.cs using Guid(8bcf89f778f9ed84693fa65d15102bf9) Importer(815301076,1909f56bfc062723c751e8b465ee728b)  -> (artifact id: '417701ceae257569f36298c3629bda8a') in 0.015516 seconds
  Import took 0.033351 seconds .

========================================================================
Received Import Request.
  Time since last request: 8.500741 seconds.
  path: Assets/Art/CatMenu.controller
  artifactKey: Guid(ea03149281faaae47b5294d31979d3bd) Importer(815301076,1909f56bfc062723c751e8b465ee728b)
Start importing Assets/Art/CatMenu.controller using Guid(ea03149281faaae47b5294d31979d3bd) Importer(815301076,1909f56bfc062723c751e8b465ee728b)  -> (artifact id: '2cedd3279a16d2bcc64573d81f872b0b') in 0.018779 seconds
  Import took 0.023045 seconds .

========================================================================
Received Prepare
Registering precompiled user dll's ...
Registered in 0.002605 seconds.
Begin MonoManager ReloadAssembly
Native extension for WindowsStandalone target not found
Refreshing native plugins compatible for Editor in 0.53 ms, found 1 plugins.
Preloading 0 native plugins for Editor in 0.00 ms.
Mono: successfully reloaded assembly
- Completed reload, in  1.808 seconds
Platform modules already initialized, skipping
Switching build target platform(19) subTarget(0) extendedPlatform(0) -> platform(13) subTarget(537395200) extendedPlatform(0)
Refreshing native plugins compatible for Editor in 0.53 ms, found 1 plugins.
Preloading 0 native plugins for Editor in 0.00 ms.
Unloading 1815 Unused Serialized files (Serialized files now loaded: 0)
System memory in use before: 88.6 MB.
System memory in use after: 88.7 MB.

Unloading 7 unused Assets to reduce memory usage. Loaded Objects now: 2333.
Total: 2.195100 ms (FindLiveObjects: 0.208000 ms CreateObjectMapping: 0.076800 ms MarkObjects: 1.884100 ms  DeleteObjects: 0.024300 ms)

AssetImportParameters requested are different than current active one (requested -> active):
  custom:graphics/normal-map-encoding: 01000000000000000000000000000000 -> 02000000000000000000000000000000
========================================================================
Received Prepare
Registering precompiled user dll's ...
Registered in 0.002718 seconds.
Begin MonoManager ReloadAssembly
Native extension for WindowsStandalone target not found
Refreshing native plugins compatible for Editor in 0.58 ms, found 1 plugins.
Preloading 0 native plugins for Editor in 0.00 ms.
Mono: successfully reloaded assembly
- Completed reload, in  2.118 seconds
Platform modules already initialized, skipping
Switching build target platform(19) subTarget(0) extendedPlatform(0) -> platform(13) subTarget(537395200) extendedPlatform(0)
Refreshing native plugins compatible for Editor in 0.58 ms, found 1 plugins.
Preloading 0 native plugins for Editor in 0.00 ms.
Unloading 1815 Unused Serialized files (Serialized files now loaded: 0)
System memory in use before: 88.6 MB.
System memory in use after: 88.7 MB.

Unloading 7 unused Assets to reduce memory usage. Loaded Objects now: 2337.
Total: 2.182900 ms (FindLiveObjects: 0.189000 ms CreateObjectMapping: 0.071600 ms MarkObjects: 1.896800 ms  DeleteObjects: 0.024000 ms)

AssetImportParameters requested are different than current active one (requested -> active):
  custom:graphics/normal-map-encoding: 01000000000000000000000000000000 -> 02000000000000000000000000000000
========================================================================
Received Prepare
Registering precompiled user dll's ...
Registered in 0.002745 seconds.
Begin MonoManager ReloadAssembly
Native extension for WindowsStandalone target not found
Refreshing native plugins compatible for Editor in 0.83 ms, found 1 plugins.
Preloading 0 native plugins for Editor in 0.00 ms.
Mono: successfully reloaded assembly
- Completed reload, in  1.599 seconds
Platform modules already initialized, skipping
Switching build target platform(19) subTarget(0) extendedPlatform(0) -> platform(13) subTarget(537395200) extendedPlatform(0)
Refreshing native plugins compatible for Editor in 0.58 ms, found 1 plugins.
Preloading 0 native plugins for Editor in 0.00 ms.
Unloading 1815 Unused Serialized files (Serialized files now loaded: 0)
System memory in use before: 88.6 MB.
System memory in use after: 88.7 MB.

Unloading 7 unused Assets to reduce memory usage. Loaded Objects now: 2341.
Total: 2.212400 ms (FindLiveObjects: 0.195500 ms CreateObjectMapping: 0.073700 ms MarkObjects: 1.923800 ms  DeleteObjects: 0.017700 ms)

AssetImportParameters requested are different than current active one (requested -> active):
  custom:graphics/normal-map-encoding: 01000000000000000000000000000000 -> 02000000000000000000000000000000
========================================================================
Received Prepare
Registering precompiled user dll's ...
Registered in 0.003070 seconds.
Begin MonoManager ReloadAssembly
Native extension for WindowsStandalone target not found
Refreshing native plugins compatible for Editor in 0.52 ms, found 1 plugins.
Preloading 0 native plugins for Editor in 0.00 ms.
Mono: successfully reloaded assembly
- Completed reload, in  1.723 seconds
Platform modules already initialized, skipping
Switching build target platform(19) subTarget(0) extendedPlatform(0) -> platform(13) subTarget(537395200) extendedPlatform(0)
Refreshing native plugins compatible for Editor in 0.53 ms, found 1 plugins.
Preloading 0 native plugins for Editor in 0.00 ms.
Unloading 1815 Unused Serialized files (Serialized files now loaded: 0)
System memory in use before: 88.6 MB.
System memory in use after: 88.8 MB.

Unloading 7 unused Assets to reduce memory usage. Loaded Objects now: 2345.
Total: 2.157600 ms (FindLiveObjects: 0.254500 ms CreateObjectMapping: 0.072000 ms MarkObjects: 1.812200 ms  DeleteObjects: 0.017300 ms)

AssetImportParameters requested are different than current active one (requested -> active):
  custom:graphics/normal-map-encoding: 01000000000000000000000000000000 -> 02000000000000000000000000000000
========================================================================
Received Prepare
Registering precompiled user dll's ...
Registered in 0.003212 seconds.
Begin MonoManager ReloadAssembly
Native extension for WindowsStandalone target not found
Refreshing native plugins compatible for Editor in 0.58 ms, found 1 plugins.
Preloading 0 native plugins for Editor in 0.00 ms.
Mono: successfully reloaded assembly
- Completed reload, in  1.625 seconds
Platform modules already initialized, skipping
Switching build target platform(19) subTarget(0) extendedPlatform(0) -> platform(13) subTarget(537395200) extendedPlatform(0)
Refreshing native plugins compatible for Editor in 0.58 ms, found 1 plugins.
Preloading 0 native plugins for Editor in 0.00 ms.
Unloading 1815 Unused Serialized files (Serialized files now loaded: 0)
System memory in use before: 88.6 MB.
System memory in use after: 88.8 MB.

Unloading 7 unused Assets to reduce memory usage. Loaded Objects now: 2349.
Total: 2.696800 ms (FindLiveObjects: 0.198100 ms CreateObjectMapping: 0.071600 ms MarkObjects: 2.402700 ms  DeleteObjects: 0.022700 ms)

AssetImportParameters requested are different than current active one (requested -> active):
  custom:graphics/normal-map-encoding: 01000000000000000000000000000000 -> 02000000000000000000000000000000
========================================================================
Received Prepare
Registering precompiled user dll's ...
Registered in 0.002774 seconds.
Begin MonoManager ReloadAssembly
Native extension for WindowsStandalone target not found
Refreshing native plugins compatible for Editor in 0.51 ms, found 1 plugins.
Preloading 0 native plugins for Editor in 0.00 ms.
Mono: successfully reloaded assembly
- Completed reload, in  1.858 seconds
Platform modules already initialized, skipping
Switching build target platform(19) subTarget(0) extendedPlatform(0) -> platform(13) subTarget(537395200) extendedPlatform(0)
Refreshing native plugins compatible for Editor in 0.52 ms, found 1 plugins.
Preloading 0 native plugins for Editor in 0.00 ms.
Unloading 1815 Unused Serialized files (Serialized files now loaded: 0)
System memory in use before: 88.7 MB.
System memory in use after: 88.8 MB.

Unloading 7 unused Assets to reduce memory usage. Loaded Objects now: 2353.
Total: 2.190100 ms (FindLiveObjects: 0.233200 ms CreateObjectMapping: 0.071800 ms MarkObjects: 1.860500 ms  DeleteObjects: 0.023000 ms)

AssetImportParameters requested are different than current active one (requested -> active):
  custom:graphics/normal-map-encoding: 01000000000000000000000000000000 -> 02000000000000000000000000000000
========================================================================
Received Import Request.
  Time since last request: 237.730587 seconds.
  path: Assets/Scripts/SceneManager.cs
  artifactKey: Guid(551ac9a9931aef945adbbf39c4e998d6) Importer(815301076,1909f56bfc062723c751e8b465ee728b)
Start importing Assets/Scripts/SceneManager.cs using Guid(551ac9a9931aef945adbbf39c4e998d6) Importer(815301076,1909f56bfc062723c751e8b465ee728b)  -> (artifact id: '15bbcc34ef879717dbdb80202f6b252b') in 0.014926 seconds
  Import took 0.020628 seconds .

========================================================================
Received Import Request.
  Time since last request: 153.516106 seconds.
  path: Assets/Scripts/SceneManager.cs
  artifactKey: Guid(551ac9a9931aef945adbbf39c4e998d6) Importer(815301076,1909f56bfc062723c751e8b465ee728b)
Start importing Assets/Scripts/SceneManager.cs using Guid(551ac9a9931aef945adbbf39c4e998d6) Importer(815301076,1909f56bfc062723c751e8b465ee728b)  -> (artifact id: '4b0a7d203af8734e1821fb407692884e') in 0.005485 seconds
  Import took 0.010841 seconds .

========================================================================
Received Import Request.
  Time since last request: 4.245323 seconds.
  path: Assets/Scripts/SceneMan.cs
  artifactKey: Guid(551ac9a9931aef945adbbf39c4e998d6) Importer(815301076,1909f56bfc062723c751e8b465ee728b)
Start importing Assets/Scripts/SceneMan.cs using Guid(551ac9a9931aef945adbbf39c4e998d6) Importer(815301076,1909f56bfc062723c751e8b465ee728b)  -> (artifact id: '8b2ac7ac2f662dd114e56e402004f41f') in 0.012828 seconds
  Import took 0.017680 seconds .

========================================================================
Received Prepare
Registering precompiled user dll's ...
Registered in 0.002815 seconds.
Begin MonoManager ReloadAssembly
Native extension for WindowsStandalone target not found
Refreshing native plugins compatible for Editor in 0.79 ms, found 1 plugins.
Preloading 0 native plugins for Editor in 0.00 ms.
Mono: successfully reloaded assembly
- Completed reload, in  1.838 seconds
Platform modules already initialized, skipping
Switching build target platform(19) subTarget(0) extendedPlatform(0) -> platform(13) subTarget(537395200) extendedPlatform(0)
Refreshing native plugins compatible for Editor in 0.53 ms, found 1 plugins.
Preloading 0 native plugins for Editor in 0.00 ms.
Unloading 1816 Unused Serialized files (Serialized files now loaded: 0)
System memory in use before: 88.7 MB.
System memory in use after: 88.8 MB.

Unloading 7 unused Assets to reduce memory usage. Loaded Objects now: 2358.
Total: 2.336700 ms (FindLiveObjects: 0.215300 ms CreateObjectMapping: 0.070900 ms MarkObjects: 2.030300 ms  DeleteObjects: 0.018600 ms)

AssetImportParameters requested are different than current active one (requested -> active):
  custom:graphics/normal-map-encoding: 01000000000000000000000000000000 -> 02000000000000000000000000000000
========================================================================
Received Import Request.
  Time since last request: 83.394221 seconds.
  path: Assets/Scripts/SceneMan.cs
  artifactKey: Guid(551ac9a9931aef945adbbf39c4e998d6) Importer(815301076,1909f56bfc062723c751e8b465ee728b)
Start importing Assets/Scripts/SceneMan.cs using Guid(551ac9a9931aef945adbbf39c4e998d6) Importer(815301076,1909f56bfc062723c751e8b465ee728b)  -> (artifact id: '2d79f96f9eac544e20e077f6e5bdce5d') in 0.007594 seconds
  Import took 0.011393 seconds .

========================================================================
Received Prepare
Registering precompiled user dll's ...
Registered in 0.002843 seconds.
Begin MonoManager ReloadAssembly
Native extension for WindowsStandalone target not found
Refreshing native plugins compatible for Editor in 0.65 ms, found 1 plugins.
Preloading 0 native plugins for Editor in 0.00 ms.
Mono: successfully reloaded assembly
- Completed reload, in  1.913 seconds
Platform modules already initialized, skipping
Switching build target platform(19) subTarget(0) extendedPlatform(0) -> platform(13) subTarget(537395200) extendedPlatform(0)
Refreshing native plugins compatible for Editor in 0.58 ms, found 1 plugins.
Preloading 0 native plugins for Editor in 0.00 ms.
Unloading 1816 Unused Serialized files (Serialized files now loaded: 0)
System memory in use before: 88.7 MB.
System memory in use after: 88.8 MB.

Unloading 7 unused Assets to reduce memory usage. Loaded Objects now: 2362.
Total: 4.556800 ms (FindLiveObjects: 0.465400 ms CreateObjectMapping: 0.159300 ms MarkObjects: 3.899400 ms  DeleteObjects: 0.030000 ms)

AssetImportParameters requested are different than current active one (requested -> active):
  custom:graphics/normal-map-encoding: 01000000000000000000000000000000 -> 02000000000000000000000000000000
